<?xml version="1.0" encoding="UTF-8"?>
<!-- Generated by org.testng.reporters.JUnitReportReporter -->
<testsuite hostname="LAPTOP-R1UDLKM6" failures="0" tests="1" name="com.SportyShoe.SeleniumCucumberScripts.SetupCheck" time="21.585" errors="0" timestamp="2023-11-14T10:43:13 IST" skipped="0">
  <testcase classname="com.SportyShoe.SeleniumCucumberScripts.SetupCheck" name="test_setup_selenium" time="21.585"/>
  <system-out/>
</testsuite> <!-- com.SportyShoe.SeleniumCucumberScripts.SetupCheck -->
