<?xml version="1.0" encoding="UTF-8"?>
<!-- Generated by org.testng.reporters.JUnitReportReporter -->
<testsuite hostname="LAPTOP-R1UDLKM6" failures="0" tests="3" name="com.SportyShoe.Tests.HomePageTest" time="1.945" errors="0" timestamp="2023-11-15T15:14:43 IST" skipped="0">
  <testcase classname="com.SportyShoe.Tests.HomePageTest" name="test_getTitle_page" time="0.026"/>
  <system-out/>
  <testcase classname="com.SportyShoe.Tests.HomePageTest" name="Test_Validate_Text_On_Page" time="0.054"/>
  <system-out/>
  <testcase classname="com.SportyShoe.Tests.HomePageTest" name="test_click_register_link" time="1.865"/>
  <system-out/>
</testsuite> <!-- com.SportyShoe.Tests.HomePageTest -->
