<?xml version="1.0" encoding="UTF-8"?>
<!-- Generated by org.testng.reporters.JUnitReportReporter -->
<testsuite hostname="LAPTOP-R1UDLKM6" failures="0" tests="3" name="com.SportyShoe.Tests.OrderPageTest" time="2.159" errors="0" timestamp="2023-11-15T16:20:31 IST" skipped="0">
  <testcase classname="com.SportyShoe.Tests.OrderPageTest" name="test_login" time="0.941"/>
  <system-out/>
  <testcase classname="com.SportyShoe.Tests.OrderPageTest" name="test_click_orders" time="1.184"/>
  <system-out/>
  <testcase classname="com.SportyShoe.Tests.OrderPageTest" name="test_getTitle_page" time="0.034"/>
  <system-out/>
</testsuite> <!-- com.SportyShoe.Tests.OrderPageTest -->
