<?xml version="1.0" encoding="UTF-8"?>
<!-- Generated by org.testng.reporters.JUnitReportReporter -->
<testsuite hostname="LAPTOP-R1UDLKM6" failures="0" tests="3" name="com.SportyShoe.restAssuredScripts.PostAndPutNewShoe" time="3.771" errors="0" timestamp="2023-11-14T10:33:01 IST" skipped="0">
  <testcase classname="com.SportyShoe.restAssuredScripts.PostAndPutNewShoe" name="add_new_product" time="3.622"/>
  <system-out/>
  <testcase classname="com.SportyShoe.restAssuredScripts.PostAndPutNewShoe" name="update_a_product" time="0.116"/>
  <system-out/>
  <testcase classname="com.SportyShoe.restAssuredScripts.PostAndPutNewShoe" name="delete_product" time="0.033"/>
  <system-out/>
</testsuite> <!-- com.SportyShoe.restAssuredScripts.PostAndPutNewShoe -->
