<?xml version="1.0" encoding="UTF-8"?>
<!-- Generated by org.testng.reporters.JUnitReportReporter -->
<testsuite hostname="LAPTOP-R1UDLKM6" failures="0" tests="3" name="com.SportyShoe.Tests.AddtoCartPageTest" time="2.390" errors="0" timestamp="2023-11-15T16:05:47 IST" skipped="0">
  <testcase classname="com.SportyShoe.Tests.AddtoCartPageTest" name="test_login" time="2.172"/>
  <system-out/>
  <testcase classname="com.SportyShoe.Tests.AddtoCartPageTest" name="test_add_product_to_cart" time="0.150"/>
  <system-out/>
  <testcase classname="com.SportyShoe.Tests.AddtoCartPageTest" name="test_validate_success_message" time="0.068"/>
  <system-out/>
</testsuite> <!-- com.SportyShoe.Tests.AddtoCartPageTest -->
